<?xml version="1.0" encoding="UTF-8"?>
<!-- Generated by org.testng.reporters.JUnitReportReporter -->
<testsuite skipped="0" hostname="Sumairs-MacBook-Pro.local" name="com.utils.DataProviderDemo" tests="4" failures="0" timestamp="2020-01-14T21:50:36 EST" time="40.818" errors="0">
  <testcase name="login1" time="14.199" classname="com.utils.DataProviderDemo"/>
  <testcase name="login" time="5.155" classname="com.utils.DataProviderDemo"/>
  <testcase name="login1" time="9.939" classname="com.utils.DataProviderDemo"/>
  <testcase name="login1" time="11.525" classname="com.utils.DataProviderDemo"/>
</testsuite> <!-- com.utils.DataProviderDemo -->
