<?xml version="1.0" encoding="UTF-8"?>
<!-- Generated by org.testng.reporters.JUnitReportReporter -->
<testsuite skipped="0" hostname="Sumairs-MacBook-Pro.local" name="com.reviewclass1.AnnotationDemo" tests="4" failures="0" timestamp="2020-01-15T21:45:21 EST" time="0.002" errors="0">
  <testcase name="D" time="0.000" classname="com.reviewclass1.AnnotationDemo"/>
  <testcase name="B" time="0.000" classname="com.reviewclass1.AnnotationDemo"/>
  <testcase name="A" time="0.001" classname="com.reviewclass1.AnnotationDemo"/>
  <testcase name="C" time="0.001" classname="com.reviewclass1.AnnotationDemo"/>
</testsuite> <!-- com.reviewclass1.AnnotationDemo -->
