<?xml version="1.0" encoding="UTF-8"?>
<!-- Generated by org.testng.reporters.JUnitReportReporter -->
<testsuite skipped="0" hostname="Sumairs-MacBook-Pro.local" name="com.class1.TitleLogoAndLoginVerification" tests="1" failures="0" timestamp="2020-01-14T21:13:30 EST" time="5.090" errors="0">
  <testcase name="validLogin" time="5.090" classname="com.class1.TitleLogoAndLoginVerification"/>
</testsuite> <!-- com.class1.TitleLogoAndLoginVerification -->
