<?xml version="1.0" encoding="UTF-8"?>
<!-- Generated by org.testng.reporters.JUnitReportReporter -->
<testsuite skipped="0" hostname="Sumairs-MacBook-Pro.local" name="com.reviewclass1.AnnotationsDemo2" tests="2" failures="0" timestamp="2020-01-15T21:45:26 EST" time="0.002" errors="0">
  <testcase name="test2" time="0.001" classname="com.reviewclass1.AnnotationsDemo2"/>
  <testcase name="test1" time="0.001" classname="com.reviewclass1.AnnotationsDemo2"/>
</testsuite> <!-- com.reviewclass1.AnnotationsDemo2 -->
