<?xml version="1.0" encoding="UTF-8"?>
<!-- Generated by org.testng.reporters.JUnitReportReporter -->
<testsuite skipped="0" hostname="Sumairs-MacBook-Pro.local" name="com.class2.HW" tests="2" failures="0" timestamp="2020-01-12T10:49:36 EST" time="7.809" errors="0">
  <testcase name="validationOfMessage" time="3.089" classname="com.class2.HW"/>
  <testcase name="validationOfLogo" time="4.720" classname="com.class2.HW"/>
</testsuite> <!-- com.class2.HW -->
