<?xml version="1.0" encoding="UTF-8"?>
<!-- Generated by org.testng.reporters.JUnitReportReporter -->
<testsuite skipped="0" hostname="Sumairs-MacBook-Pro.local" name="com.class1.TaskTwo" tests="2" failures="0" timestamp="2020-01-12T14:43:55 EST" time="0.010" errors="0">
  <testcase name="testA1" time="0.009" classname="com.class1.TaskTwo"/>
  <testcase name="testZ9" time="0.001" classname="com.class1.TaskTwo"/>
</testsuite> <!-- com.class1.TaskTwo -->
