<?xml version="1.0" encoding="UTF-8"?>
<!-- Generated by org.testng.reporters.JUnitReportReporter -->
<testsuite skipped="0" hostname="Sumairs-MacBook-Pro.local" name="com.class3.AlwaysRun" tests="4" failures="0" timestamp="2020-01-14T19:37:25 EST" time="0.011" errors="0">
  <testcase name="testMethod" time="0.001" classname="com.class3.AlwaysRun"/>
  <testcase name="testMethod1" time="0.003" classname="com.class3.AlwaysRun"/>
  <testcase name="testMethod1" time="0.001" classname="com.class3.AlwaysRun"/>
  <testcase name="testMethod" time="0.006" classname="com.class3.AlwaysRun"/>
</testsuite> <!-- com.class3.AlwaysRun -->
