<?xml version="1.0" encoding="UTF-8"?>
<!-- Generated by org.testng.reporters.JUnitReportReporter -->
<testsuite skipped="0" hostname="Sumairs-MacBook-Pro.local" name="com.reviewclass1.PrametarizationDemo" tests="3" failures="0" timestamp="2020-01-15T22:01:00 EST" time="0.012" errors="0">
  <testcase name="testOne" time="0.002" classname="com.reviewclass1.PrametarizationDemo"/>
  <testcase name="testOne" time="0.002" classname="com.reviewclass1.PrametarizationDemo"/>
  <testcase name="testOne" time="0.008" classname="com.reviewclass1.PrametarizationDemo"/>
</testsuite> <!-- com.reviewclass1.PrametarizationDemo -->
