<?xml version="1.0" encoding="UTF-8"?>
<!-- Generated by org.testng.reporters.JUnitReportReporter -->
<testsuite skipped="0" hostname="Sumairs-MacBook-Pro.local" name="com.hrms.testcases.LoginPageTest" tests="1" failures="0" timestamp="2020-01-19T12:58:12 EST" time="7.525" errors="0">
  <testcase name="negativeLogin" time="7.525" classname="com.hrms.testcases.LoginPageTest"/>
</testsuite> <!-- com.hrms.testcases.LoginPageTest -->
